<?xml version="1.0" encoding="UTF-8"?>
<!-- Generated by org.testng.reporters.JUnitXMLReporter -->
<testsuite ignored="0" hostname="LAPTOP-JV9ABTHT" failures="0" tests="11" name="Default test" time="99.886" errors="0" timestamp="02 Jul 2021 16:28:44 GMT">
  <testcase classname="Infosys.Ecommarce.TestEHomepage" name="verifysearchbutton" time="1.168"/>
  <testcase classname="Infosys.Ecommarce.TestEHomepage" name="verifysearchbar" time="0.594"/>
  <testcase classname="Infosys.Ecommarce.TestEHomepage" name="verifysearchbarclick" time="5.331"/>
  <testcase classname="Infosys.Ecommarce.TestEHomepage" name="verifyFilterColour" time="1.877"/>
  <testcase classname="Infosys.Ecommarce.TestEHomepage" name="verifyFilterSize" time="1.649"/>
  <testcase classname="Infosys.Ecommarce.TestEHomepage" name="verifyRelevance" time="1.737"/>
  <testcase classname="Infosys.Ecommarce.TestEHomepage" name="verifychoice" time="22.889"/>
  <testcase classname="Infosys.Ecommarce.TestEHomepage" name="verifySelectColour" time="0.319"/>
  <testcase classname="Infosys.Ecommarce.TestEHomepage" name="verifySelectSize" time="0.33"/>
  <testcase classname="Infosys.Ecommarce.TestEHomepage" name="verifyAddToCart" time="5.369"/>
  <testcase classname="Infosys.Ecommarce.TestEHomepage" name="ChekCart" time="6.441"/>
</testsuite> <!-- Default test -->
