<?xml version="1.0" encoding="UTF-8"?>
<!-- Generated by org.testng.reporters.JUnitXMLReporter -->
<testsuite ignored="0" hostname="LAPTOP-JV9ABTHT" failures="0" tests="22" name="EcomTest" time="220.703" errors="0" timestamp="30 Jun 2021 16:15:22 GMT">
  <testcase classname="Infosys.Ecommarce.TestEHomepage" name="verifysearchbutton" time="2.87"/>
  <testcase classname="Infosys.Ecommarce.TestEHomepageFirefox" name="verifysearchbutton" time="1.613"/>
  <testcase classname="Infosys.Ecommarce.TestEHomepageFirefox" name="verifysearchbar" time="0.184"/>
  <testcase classname="Infosys.Ecommarce.TestEHomepage" name="verifysearchbar" time="2.01"/>
  <testcase classname="Infosys.Ecommarce.TestEHomepageFirefox" name="verifysearchbarclick" time="1.056"/>
  <testcase classname="Infosys.Ecommarce.TestEHomepage" name="verifysearchbarclick" time="10.675"/>
  <testcase classname="Infosys.Ecommarce.TestEHomepageFirefox" name="verifyFilterColour" time="3.706"/>
  <testcase classname="Infosys.Ecommarce.TestEHomepage" name="verifyFilterColour" time="3.844"/>
  <testcase classname="Infosys.Ecommarce.TestEHomepage" name="verifyFilterSize" time="4.602"/>
  <testcase classname="Infosys.Ecommarce.TestEHomepageFirefox" name="verifyFilterSize" time="5.382"/>
  <testcase classname="Infosys.Ecommarce.TestEHomepage" name="verifyRelevance" time="1.247"/>
  <testcase classname="Infosys.Ecommarce.TestEHomepageFirefox" name="verifyRelevance" time="1.752"/>
  <testcase classname="Infosys.Ecommarce.TestEHomepageFirefox" name="verifychoice" time="20.467"/>
  <testcase classname="Infosys.Ecommarce.TestEHomepage" name="verifychoice" time="26.566"/>
  <testcase classname="Infosys.Ecommarce.TestEHomepage" name="verifySelectColour" time="1.456"/>
  <testcase classname="Infosys.Ecommarce.TestEHomepageFirefox" name="verifySelectColour" time="4.316"/>
  <testcase classname="Infosys.Ecommarce.TestEHomepageFirefox" name="verifySelectSize" time="0.311"/>
  <testcase classname="Infosys.Ecommarce.TestEHomepage" name="verifySelectSize" time="1.064"/>
  <testcase classname="Infosys.Ecommarce.TestEHomepage" name="verifyAddToCart" time="7.729"/>
  <testcase classname="Infosys.Ecommarce.TestEHomepageFirefox" name="verifyAddToCart" time="11.553"/>
  <testcase classname="Infosys.Ecommarce.TestEHomepageFirefox" name="ChekCart" time="5.193"/>
  <testcase classname="Infosys.Ecommarce.TestEHomepage" name="ChekCart" time="12.188"/>
</testsuite> <!-- EcomTest -->
