<?xml version="1.0" encoding="UTF-8"?>
<!-- Generated by org.testng.reporters.JUnitXMLReporter -->
<testsuite ignored="0" hostname="LAPTOP-JV9ABTHT" failures="0" tests="22" name="TestFgang" time="138.06" errors="0" timestamp="30 Jun 2021 13:08:53 GMT">
  <testcase classname="Infosys.Ecommarce.TestEHomepageFirefox" name="verifysearchbutton" time="5.601"/>
  <testcase classname="Infosys.Ecommarce.TestEHomepage" name="verifysearchbutton" time="1.669"/>
  <testcase classname="Infosys.Ecommarce.TestEHomepageFirefox" name="verifysearchbar" time="0.775"/>
  <testcase classname="Infosys.Ecommarce.TestEHomepage" name="verifysearchbar" time="0.93"/>
  <testcase classname="Infosys.Ecommarce.TestEHomepageFirefox" name="verifysearchbarclick" time="1.086"/>
  <testcase classname="Infosys.Ecommarce.TestEHomepage" name="verifysearchbarclick" time="6.351"/>
  <testcase classname="Infosys.Ecommarce.TestEHomepage" name="verifyFilterColour" time="2.132"/>
  <testcase classname="Infosys.Ecommarce.TestEHomepageFirefox" name="verifyFilterColour" time="4.005"/>
  <testcase classname="Infosys.Ecommarce.TestEHomepageFirefox" name="verifyFilterSize" time="1.376"/>
  <testcase classname="Infosys.Ecommarce.TestEHomepage" name="verifyFilterSize" time="1.502"/>
  <testcase classname="Infosys.Ecommarce.TestEHomepageFirefox" name="verifyRelevance" time="1.574"/>
  <testcase classname="Infosys.Ecommarce.TestEHomepage" name="verifyRelevance" time="4.885"/>
  <testcase classname="Infosys.Ecommarce.TestEHomepage" name="verifychoice" time="7.948"/>
  <testcase classname="Infosys.Ecommarce.TestEHomepageFirefox" name="verifychoice" time="13.392"/>
  <testcase classname="Infosys.Ecommarce.TestEHomepage" name="verifySelectColour" time="0.613"/>
  <testcase classname="Infosys.Ecommarce.TestEHomepageFirefox" name="verifySelectColour" time="0.768"/>
  <testcase classname="Infosys.Ecommarce.TestEHomepage" name="verifySelectSize" time="0.295"/>
  <testcase classname="Infosys.Ecommarce.TestEHomepageFirefox" name="verifySelectSize" time="0.505"/>
  <testcase classname="Infosys.Ecommarce.TestEHomepageFirefox" name="verifyAddToCart" time="3.068"/>
  <testcase classname="Infosys.Ecommarce.TestEHomepage" name="verifyAddToCart" time="5.161"/>
  <testcase classname="Infosys.Ecommarce.TestEHomepage" name="ChekCart" time="2.966"/>
  <testcase classname="Infosys.Ecommarce.TestEHomepageFirefox" name="ChekCart" time="4.341"/>
</testsuite> <!-- TestFgang -->
